customer_app/build/app/outputs/mapping/release/seeds.txt
com.ayd.giganusa.MainActivity
com.ayd.giganusa.MainActivity: MainActivity()
...
androidx.window.embedding.EmbeddingRule: EmbeddingRule()
androidx.core.graphics.Insets$Api29Impl: android.graphics.Insets of(int,int,int,int)
androidx.window.layout.SidecarAdapter$Companion: SidecarAdapter$Companion(kotlin.jvm.internal.DefaultConstructorMarker)
io.flutter.embedding.android.FlutterTextureView: io.flutter.embedding.engine.renderer.FlutterRenderer getAttachedRenderer()
io.flutter.plugin.editing.ImeSyncDeferringInsetsCallback$AnimationCallback: android.view.WindowInsets onProgress(android.view.WindowInsets,java.util.List)
kotlinx.coroutines.android.AndroidExceptionPreHandler: void handleException(kotlin.coroutines.CoroutineContext,java.lang.Throwable)
io.flutter.embedding.engine.mutatorsstack.FlutterMutatorsStack: void pushTransform(float[])
io.flutter.embedding.engine.FlutterJNI: void onSurfaceDestroyed()
androidx.core.view.WindowInsetsCompat$BuilderImpl: void applyInsetTypes()
io.flutter.plugin.editing.TextInputPlugin$InputTarget$Type: io.flutter.plugin.editing.TextInputPlugin$InputTarget$Type valueOf(java.lang.String)
io.flutter.embedding.engine.FlutterJNI: float getScaledFontSize(float,int)
kotlin.jvm.internal.CallableReference: kotlin.reflect.KType getReturnType()
androidx.core.view.DisplayCutoutCompat$Api28Impl: int getSafeInsetLeft(android.view.DisplayCutout)
androidx.core.view.WindowInsetsCompat$BuilderImpl20: androidx.core.view.WindowInsetsCompat build()
androidx.window.layout.HardwareFoldingFeature$Type: java.lang.String toString()
io.flutter.embedding.engine.FlutterJNI: void onDisplayOverlaySurface(int,int,int,int,int)
androidx.core.view.WindowInsetsCompat$Impl: androidx.core.graphics.Insets getMandatorySystemGestureInsets()
androidx.window.layout.SidecarWindowBackend: void callbackRemovedForActivity(android.app.Activity)
androidx.window.layout.ExtensionInterfaceCompat: void onWindowLayoutChangeListenerAdded(android.app.Activity)
androidx.window.java.layout.WindowInfoTrackerCallbackAdapter: void addWindowLayoutInfoListener(android.app.Activity,java.util.concurrent.Executor,androidx.core.util.Consumer)
androidx.browser.customtabs.CustomTabsIntent$Api24Impl: java.lang.String getDefaultLocale()
kotlin.coroutines.jvm.internal.ContinuationImpl: kotlin.coroutines.CoroutineContext getContext()
androidx.window.layout.ExtensionWindowLayoutInfoBackend$MulticastConsumer: void removeListener(androidx.core.util.Consumer)
androidx.window.layout.HardwareFoldingFeature$Type: HardwareFoldingFeature$Type(java.lang.String)
io.flutter.embedding.android.FlutterTextureView: void setRenderSurface(android.view.Surface)
androidx.window.layout.SidecarWindowBackend$Companion: void resetInstance()
androidx.window.embedding.EmbeddingTranslatingCallback: void accept(java.util.List)
androidx.window.layout.WindowInfoTracker$Companion: void overrideDecorator(androidx.window.layout.WindowInfoTrackerDecorator)
io.flutter.plugin.editing.ImeSyncDeferringInsetsCallback: boolean access$300(io.flutter.plugin.editing.ImeSyncDeferringInsetsCallback)
androidx.window.core.Version: int getMinor()
androidx.window.embedding.EmptyEmbeddingComponent: void setEmbeddingRules(java.util.Set)
androidx.window.embedding.SplitPairRule: boolean equals(java.lang.Object)
androidx.window.layout.DisplayCompatHelperApi17: void getRealSize(android.view.Display,android.graphics.Point)
androidx.window.embedding.SplitPairRule: SplitPairRule(java.util.Set,boolean,boolean,boolean,int,int,float,int,int,kotlin.jvm.internal.DefaultConstructorMarker)
androidx.core.view.ViewCompat$Api21Impl: void setBackgroundTintMode(android.view.View,android.graphics.PorterDuff$Mode)
androidx.core.view.ViewCompat$Api16Impl: int getImportantForAccessibility(android.view.View)
io.flutter.embedding.engine.systemchannels.PlatformViewsChannel$PlatformViewCreationRequest$RequestedDisplayMode: io.flutter.embedding.engine.systemchannels.PlatformViewsChannel$PlatformViewCreationRequest$RequestedDisplayMode valueOf(java.lang.String)