customer_app/build/app/outputs/mapping/release/mapping.txt
# compiler: R8
# compiler_version: 8.3.36
# min_api: 21
# common_typos_disable
# {"id":"com.android.tools.r8.mapping","version":"2.2"}
# pg_map_id: 277fb81
# pg_map_hash: SHA-256 277fb814e717b296c0293a7adae5b213e5d389110d15dd8b8533a7ae6d56e5fb
com.ayd.giganusa.MainActivity -> com.ayd.giganusa.MainActivity:
# {"id":"sourceFile","fileName":"MainActivity.kt"}
    java.lang.String CHANNEL -> f
    1:4:void $r8$lambda$u7w_6K4BMjz0PSyDTPQ69nGNdnU(com.ayd.giganusa.MainActivity,u.MethodCall,u.MethodChannel$Result):0:0 -> P
      # {"id":"com.android.tools.r8.synthesized"}
      # {"id":"com.android.tools.r8.residualsignature","signature":"(Lcom/ayd/giganusa/MainActivity;Lu/i;Lu/j$d;)V"}
    1:91:void configureFlutterEngine$lambda$1(com.ayd.giganusa.MainActivity,io.flutter.plugin.common.MethodCall,io.flutter.plugin.common.MethodChannel$Result):0:0 -> Q
      # {"id":"com.android.tools.r8.residualsignature","signature":"(Lcom/ayd/giganusa/MainActivity;Lu/i;Lu/j$d;)V"}
    1:1:void configureFlutterEngine(io.flutter.embedding.engine.FlutterEngine):0:0 -> w
      # {"id":"com.android.tools.r8.residualsignature","signature":"(Lio/flutter/embedding/engine/a;)V"}
com.ayd.giganusa.MainActivity$$ExternalSyntheticLambda0 -> k.a:
# {"id":"sourceFile","fileName":"R8$$SyntheticClass"}
# {"id":"com.android.tools.r8.synthesized"}
    com.ayd.giganusa.MainActivity com.ayd.giganusa.MainActivity$$InternalSyntheticLambda$1$4b1dd20046eea42b730021804f0b9f07cdd60b2bb9db5d9e8c602787437a552b$0.f$0 -> a
      # {"id":"com.android.tools.r8.synthesized"}
    1:6:void <init>(com.ayd.giganusa.MainActivity):0:0 -> <init>
      # {"id":"com.android.tools.r8.synthesized"}
    1:6:void onMethodCall(u.MethodCall,u.MethodChannel$Result):0:0 -> a
      # {"id":"com.android.tools.r8.synthesized"}
      # {"id":"com.android.tools.r8.residualsignature","signature":"(Lu/i;Lu/j$d;)V"}
...
io.flutter.embedding.engine.FlutterEngineGroup$Options -> io.flutter.embedding.engine.d$b:
# {"id":"sourceFile","fileName":"FlutterEngineGroup.java"}
    android.content.Context context -> a
    io.flutter.embedding.engine.dart.DartExecutor$DartEntrypoint dartEntrypoint -> b
      # {"id":"com.android.tools.r8.residualsignature","signature":"Lm/a$b;"}
    java.lang.String initialRoute -> c
    java.util.List dartEntrypointArgs -> d
    io.flutter.plugin.platform.PlatformViewsController platformViewsController -> e
      # {"id":"com.android.tools.r8.residualsignature","signature":"Lio/flutter/plugin/platform/r;"}
    boolean automaticallyRegisterPlugins -> f
    boolean waitForRestorationData -> g
    1:1:boolean getAutomaticallyRegisterPlugins():0:0 -> a
    1:1:android.content.Context getContext():0:0 -> b
    1:3:io.flutter.embedding.engine.dart.DartExecutor$DartEntrypoint getDartEntrypoint():0:0 -> c
      # {"id":"com.android.tools.r8.residualsignature","signature":"()Lm/a$b;"}
    1:1:java.util.List getDartEntrypointArgs():0:0 -> d
    1:1:java.lang.String getInitialRoute():0:0 -> e
    1:1:io.flutter.plugin.platform.PlatformViewsController getPlatformViewsController():0:0 -> f
      # {"id":"com.android.tools.r8.residualsignature","signature":"()Lio/flutter/plugin/platform/r;"}
    1:1:boolean getWaitForRestorationData():0:0 -> g
    1:1:io.flutter.embedding.engine.FlutterEngineGroup$Options setAutomaticallyRegisterPlugins(boolean):0:0 -> h
io.flutter.embedding.engine.FlutterEngineGroupCache -> io.flutter.embedding.engine.e:
# {"id":"sourceFile","fileName":"FlutterEngineGroupCache.java"}
    java.util.Map cachedEngineGroups -> a
    io.flutter.embedding.engine.FlutterEngineGroupCache instance -> b
      # {"id":"com.android.tools.r8.residualsignature","signature":"Lio/flutter/embedding/engine/e;"}
    1:1:io.flutter.embedding.engine.FlutterEngineGroup get(java.lang.String):0:0 -> a
      # {"id":"com.android.tools.r8.residualsignature","signature":"(Ljava/lang/String;)Lio/flutter/embedding/engine/d;"}
    1:1:io.flutter.embedding.engine.FlutterEngineGroupCache getInstance():0:0 -> b
      # {"id":"com.android.tools.r8.residualsignature","signature":"()Lio/flutter/embedding/engine/e;"}
io.flutter.embedding.engine.FlutterJNI -> io.flutter.embedding.engine.FlutterJNI:
# {"id":"sourceFile","fileName":"FlutterJNI.java"}
    io.flutter.embedding.engine.FlutterJNI$AccessibilityDelegate accessibilityDelegate -> accessibilityDelegate
      # {"id":"com.android.tools.r8.residualsignature","signature":"Lio/flutter/embedding/engine/FlutterJNI$a;"}
    io.flutter.embedding.engine.FlutterJNI$AsyncWaitForVsyncDelegate asyncWaitForVsyncDelegate -> asyncWaitForVsyncDelegate
      # {"id":"com.android.tools.r8.residualsignature","signature":"Lio/flutter/embedding/engine/FlutterJNI$b;"}
    io.flutter.embedding.engine.deferredcomponents.DeferredComponentManager deferredComponentManager -> deferredComponentManager
      # {"id":"com.android.tools.r8.residualsignature","signature":"Ln/a;"}
    io.flutter.plugin.localization.LocalizationPlugin localizationPlugin -> localizationPlugin
      # {"id":"com.android.tools.r8.residualsignature","signature":"Lv/g;"}
    io.flutter.embedding.engine.dart.PlatformMessageHandler platformMessageHandler -> platformMessageHandler
      # {"id":"com.android.tools.r8.residualsignature","signature":"Lm/f;"}
    io.flutter.plugin.platform.PlatformViewsController platformViewsController -> platformViewsController
      # {"id":"com.android.tools.r8.residualsignature","signature":"Lio/flutter/plugin/platform/r;"}
io.flutter.embedding.engine.FlutterJNI$$ExternalSyntheticApiModelOutline0 -> io.flutter.embedding.engine.f:
# {"id":"sourceFile","fileName":"R8$$SyntheticClass"}
# {"id":"com.android.tools.r8.synthesized"}
    1:1:android.graphics.ImageDecoder$Source m(java.nio.ByteBuffer):0:0 -> a
      # {"id":"com.android.tools.r8.synthesized"}