customer_app/build/app/outputs/mapping/release/usage.txt
com.ayd.giganusa.R$drawable
com.ayd.giganusa.R$mipmap
com.ayd.giganusa.R$style
com.ayd.giganusa.R
com.giganusa.customer.MainActivity
...
androidx.core.database.sqlite.SQLiteCursorCompat
androidx.core.graphics.BitmapCompat$Api17Impl
androidx.core.graphics.BitmapCompat$Api19Impl
androidx.core.graphics.BitmapCompat$Api27Impl
androidx.core.graphics.BitmapCompat$Api29Impl
androidx.core.graphics.BitmapCompat$Api31Impl
androidx.core.graphics.BitmapCompat
androidx.core.graphics.BlendModeColorFilterCompat$Api29Impl
androidx.core.graphics.BlendModeColorFilterCompat
androidx.core.graphics.BlendModeCompat
androidx.core.graphics.BlendModeUtils$1
androidx.core.graphics.BlendModeUtils$Api29Impl
androidx.core.graphics.BlendModeUtils
androidx.core.graphics.ColorUtils$Api26Impl
androidx.core.graphics.ColorUtils
androidx.core.graphics.Insets$Api29Impl:
    private void <init>()
androidx.core.graphics.Insets:
    public static androidx.core.graphics.Insets add(androidx.core.graphics.Insets,androidx.core.graphics.Insets)
    public static androidx.core.graphics.Insets min(androidx.core.graphics.Insets,androidx.core.graphics.Insets)
    public static androidx.core.graphics.Insets subtract(androidx.core.graphics.Insets,androidx.core.graphics.Insets)
    public static androidx.core.graphics.Insets wrap(android.graphics.Insets)
androidx.core.graphics.PaintCompat$Api23Impl
androidx.core.graphics.PaintCompat$Api29Impl
androidx.core.graphics.PaintCompat
androidx.core.graphics.PathParser$ExtractFloatResult
androidx.core.graphics.PathParser$PathDataNode
androidx.core.graphics.PathParser
androidx.core.graphics.PathSegment
androidx.core.graphics.PathUtils$Api26Impl
androidx.core.graphics.PathUtils
androidx.core.graphics.TypefaceCompat$ResourcesCallbackAdapter
androidx.core.graphics.TypefaceCompat
androidx.core.graphics.TypefaceCompatApi21Impl
androidx.core.graphics.TypefaceCompatApi24Impl
androidx.core.graphics.TypefaceCompatApi26Impl
androidx.core.graphics.TypefaceCompatApi28Impl
androidx.core.graphics.TypefaceCompatApi29Impl
androidx.core.graphics.TypefaceCompatBaseImpl$1
androidx.core.graphics.TypefaceCompatBaseImpl$2
androidx.core.graphics.TypefaceCompatBaseImpl$3
androidx.core.graphics.TypefaceCompatBaseImpl$StyleExtractor
androidx.core.graphics.TypefaceCompatBaseImpl
androidx.core.graphics.TypefaceCompatUtil$Api19Impl
androidx.core.graphics.TypefaceCompatUtil
androidx.core.graphics.WeightTypefaceApi14
androidx.core.graphics.WeightTypefaceApi21
androidx.core.graphics.WeightTypefaceApi26
androidx.core.graphics.drawable.DrawableCompat$Api19Impl
androidx.core.graphics.drawable.DrawableCompat$Api21Impl
androidx.core.graphics.drawable.DrawableCompat$Api23Impl
androidx.core.graphics.drawable.DrawableCompat
androidx.core.graphics.drawable.IconCompat$Api23Impl:
    private void <init>()
    static androidx.core.graphics.drawable.IconCompat createFromIcon(android.content.Context,android.graphics.drawable.Icon)
    static androidx.core.graphics.drawable.IconCompat createFromIconInner(java.lang.Object)
    static int getType(java.lang.Object)
androidx.core.graphics.drawable.IconCompat$Api26Impl:
    private void <init>()
androidx.core.graphics.drawable.IconCompat$Api28Impl:
    private void <init>()
androidx.core.graphics.drawable.IconCompat$Api30Impl:
    private void <init>()
androidx.core.graphics.drawable.IconCompat$IconType